c:\users\oc\desktop\翼のgit\job_hunting\吉田学園情報ビジネス情報専門学校_村元翼\bombercleaner\プロジェクト一式\debug\vc140.pdb
c:\users\oc\desktop\翼のgit\job_hunting\吉田学園情報ビジネス情報専門学校_村元翼\bombercleaner\プロジェクト一式\debug\vc140.idb
c:\users\oc\desktop\翼のgit\job_hunting\吉田学園情報ビジネス情報専門学校_村元翼\bombercleaner\プロジェクト一式\debug\meshsphere.obj
c:\users\oc\desktop\翼のgit\job_hunting\吉田学園情報ビジネス情報専門学校_村元翼\bombercleaner\プロジェクト一式\debug\model.obj
c:\users\oc\desktop\翼のgit\job_hunting\吉田学園情報ビジネス情報専門学校_村元翼\bombercleaner\プロジェクト一式\debug\model_spawner.obj
c:\users\oc\desktop\翼のgit\job_hunting\吉田学園情報ビジネス情報専門学校_村元翼\bombercleaner\プロジェクト一式\debug\number.obj
c:\users\oc\desktop\翼のgit\job_hunting\吉田学園情報ビジネス情報専門学校_村元翼\bombercleaner\プロジェクト一式\debug\playdata.obj
c:\users\oc\desktop\翼のgit\job_hunting\吉田学園情報ビジネス情報専門学校_村元翼\bombercleaner\プロジェクト一式\debug\player.obj
c:\users\oc\desktop\翼のgit\job_hunting\吉田学園情報ビジネス情報専門学校_村元翼\bombercleaner\プロジェクト一式\debug\ranking.obj
c:\users\oc\desktop\翼のgit\job_hunting\吉田学園情報ビジネス情報専門学校_村元翼\bombercleaner\プロジェクト一式\debug\renderer.obj
c:\users\oc\desktop\翼のgit\job_hunting\吉田学園情報ビジネス情報専門学校_村元翼\bombercleaner\プロジェクト一式\debug\result.obj
c:\users\oc\desktop\翼のgit\job_hunting\吉田学園情報ビジネス情報専門学校_村元翼\bombercleaner\プロジェクト一式\debug\scene.obj
c:\users\oc\desktop\翼のgit\job_hunting\吉田学園情報ビジネス情報専門学校_村元翼\bombercleaner\プロジェクト一式\debug\scene2d.obj
c:\users\oc\desktop\翼のgit\job_hunting\吉田学園情報ビジネス情報専門学校_村元翼\bombercleaner\プロジェクト一式\debug\scene3d.obj
c:\users\oc\desktop\翼のgit\job_hunting\吉田学園情報ビジネス情報専門学校_村元翼\bombercleaner\プロジェクト一式\debug\score.obj
c:\users\oc\desktop\翼のgit\job_hunting\吉田学園情報ビジネス情報専門学校_村元翼\bombercleaner\プロジェクト一式\debug\stage.obj
c:\users\oc\desktop\翼のgit\job_hunting\吉田学園情報ビジネス情報専門学校_村元翼\bombercleaner\プロジェクト一式\debug\texture.obj
c:\users\oc\desktop\翼のgit\job_hunting\吉田学園情報ビジネス情報専門学校_村元翼\bombercleaner\プロジェクト一式\debug\texturefont.obj
c:\users\oc\desktop\翼のgit\job_hunting\吉田学園情報ビジネス情報専門学校_村元翼\bombercleaner\プロジェクト一式\debug\timercount.obj
c:\users\oc\desktop\翼のgit\job_hunting\吉田学園情報ビジネス情報専門学校_村元翼\bombercleaner\プロジェクト一式\debug\title.obj
c:\users\oc\desktop\翼のgit\job_hunting\吉田学園情報ビジネス情報専門学校_村元翼\bombercleaner\プロジェクト一式\debug\ui.obj
c:\users\oc\desktop\翼のgit\job_hunting\吉田学園情報ビジネス情報専門学校_村元翼\bombercleaner\プロジェクト一式\debug\xinput.obj
c:\users\oc\desktop\翼のgit\job_hunting\吉田学園情報ビジネス情報専門学校_村元翼\bombercleaner\プロジェクト一式\debug\directinput.obj
c:\users\oc\desktop\翼のgit\job_hunting\吉田学園情報ビジネス情報専門学校_村元翼\bombercleaner\プロジェクト一式\debug\effect.obj
c:\users\oc\desktop\翼のgit\job_hunting\吉田学園情報ビジネス情報専門学校_村元翼\bombercleaner\プロジェクト一式\debug\fade.obj
c:\users\oc\desktop\翼のgit\job_hunting\吉田学園情報ビジネス情報専門学校_村元翼\bombercleaner\プロジェクト一式\debug\field.obj
c:\users\oc\desktop\翼のgit\job_hunting\吉田学園情報ビジネス情報専門学校_村元翼\bombercleaner\プロジェクト一式\debug\game.obj
c:\users\oc\desktop\翼のgit\job_hunting\吉田学園情報ビジネス情報専門学校_村元翼\bombercleaner\プロジェクト一式\debug\effect_blast.obj
c:\users\oc\desktop\翼のgit\job_hunting\吉田学園情報ビジネス情報専門学校_村元翼\bombercleaner\プロジェクト一式\debug\mouse.obj
c:\users\oc\desktop\翼のgit\job_hunting\吉田学園情報ビジネス情報専門学校_村元翼\bombercleaner\プロジェクト一式\debug\pause.obj
c:\users\oc\desktop\翼のgit\job_hunting\吉田学園情報ビジネス情報専門学校_村元翼\bombercleaner\プロジェクト一式\debug\shadow.obj
c:\users\oc\desktop\翼のgit\job_hunting\吉田学園情報ビジネス情報専門学校_村元翼\bombercleaner\プロジェクト一式\debug\sound.obj
c:\users\oc\desktop\翼のgit\job_hunting\吉田学園情報ビジネス情報専門学校_村元翼\bombercleaner\プロジェクト一式\debug\stringmanager.obj
c:\users\oc\desktop\翼のgit\job_hunting\吉田学園情報ビジネス情報専門学校_村元翼\bombercleaner\プロジェクト一式\debug\target.obj
c:\users\oc\desktop\翼のgit\job_hunting\吉田学園情報ビジネス情報専門学校_村元翼\bombercleaner\プロジェクト一式\debug\input.obj
c:\users\oc\desktop\翼のgit\job_hunting\吉田学園情報ビジネス情報専門学校_村元翼\bombercleaner\プロジェクト一式\debug\keyboard.obj
c:\users\oc\desktop\翼のgit\job_hunting\吉田学園情報ビジネス情報専門学校_村元翼\bombercleaner\プロジェクト一式\debug\light.obj
c:\users\oc\desktop\翼のgit\job_hunting\吉田学園情報ビジネス情報専門学校_村元翼\bombercleaner\プロジェクト一式\debug\loadx.obj
c:\users\oc\desktop\翼のgit\job_hunting\吉田学園情報ビジネス情報専門学校_村元翼\bombercleaner\プロジェクト一式\debug\main.obj
c:\users\oc\desktop\翼のgit\job_hunting\吉田学園情報ビジネス情報専門学校_村元翼\bombercleaner\プロジェクト一式\debug\manager.obj
c:\users\oc\desktop\翼のgit\job_hunting\吉田学園情報ビジネス情報専門学校_村元翼\bombercleaner\プロジェクト一式\debug\meshcylinder.obj
c:\users\oc\desktop\翼のgit\job_hunting\吉田学園情報ビジネス情報専門学校_村元翼\bombercleaner\プロジェクト一式\debug\meshfield.obj
c:\users\oc\desktop\翼のgit\job_hunting\吉田学園情報ビジネス情報専門学校_村元翼\bombercleaner\プロジェクト一式\debug\bg.obj
c:\users\oc\desktop\翼のgit\job_hunting\吉田学園情報ビジネス情報専門学校_村元翼\bombercleaner\プロジェクト一式\debug\billboard.obj
c:\users\oc\desktop\翼のgit\job_hunting\吉田学園情報ビジネス情報専門学校_村元翼\bombercleaner\プロジェクト一式\debug\bomb.obj
c:\users\oc\desktop\翼のgit\job_hunting\吉田学園情報ビジネス情報専門学校_村元翼\bombercleaner\プロジェクト一式\debug\bombspawner.obj
c:\users\oc\desktop\翼のgit\job_hunting\吉田学園情報ビジネス情報専門学校_村元翼\bombercleaner\プロジェクト一式\debug\camera.obj
c:\users\oc\desktop\翼のgit\job_hunting\吉田学園情報ビジネス情報専門学校_村元翼\bombercleaner\プロジェクト一式\debug\control.obj
c:\users\oc\desktop\翼のgit\job_hunting\吉田学園情報ビジネス情報専門学校_村元翼\bombercleaner\プロジェクト一式\debug\control_blink.obj
c:\users\oc\desktop\翼のgit\job_hunting\吉田学園情報ビジネス情報専門学校_村元翼\bombercleaner\プロジェクト一式\debug\control_spread.obj
c:\users\oc\desktop\翼のgit\job_hunting\吉田学園情報ビジネス情報専門学校_村元翼\bombercleaner\プロジェクト一式\debug\control_fade.obj
c:\users\oc\desktop\翼のgit\job_hunting\吉田学園情報ビジネス情報専門学校_村元翼\bombercleaner\プロジェクト一式\debug\control_rise.obj
c:\users\oc\desktop\翼のgit\job_hunting\吉田学園情報ビジネス情報専門学校_村元翼\bombercleaner\プロジェクト一式\debug\control_throw.obj
c:\users\oc\desktop\翼のgit\job_hunting\吉田学園情報ビジネス情報専門学校_村元翼\bombercleaner\プロジェクト一式\debug\control_zoom.obj
c:\users\oc\desktop\翼のgit\job_hunting\吉田学園情報ビジネス情報専門学校_村元翼\bombercleaner\プロジェクト一式\debug\bombercleaner.ilk
c:\users\oc\desktop\翼のgit\job_hunting\吉田学園情報ビジネス情報専門学校_村元翼\bombercleaner\プロジェクト一式\debug\bombercleaner.exe
c:\users\oc\desktop\翼のgit\job_hunting\吉田学園情報ビジネス情報専門学校_村元翼\bombercleaner\プロジェクト一式\debug\bombercleaner.pdb
c:\users\oc\desktop\翼のgit\job_hunting\吉田学園情報ビジネス情報専門学校_村元翼\bombercleaner\プロジェクト一式\debug\bombercleaner.tlog\cl.command.1.tlog
c:\users\oc\desktop\翼のgit\job_hunting\吉田学園情報ビジネス情報専門学校_村元翼\bombercleaner\プロジェクト一式\debug\bombercleaner.tlog\cl.read.1.tlog
c:\users\oc\desktop\翼のgit\job_hunting\吉田学園情報ビジネス情報専門学校_村元翼\bombercleaner\プロジェクト一式\debug\bombercleaner.tlog\cl.write.1.tlog
c:\users\oc\desktop\翼のgit\job_hunting\吉田学園情報ビジネス情報専門学校_村元翼\bombercleaner\プロジェクト一式\debug\bombercleaner.tlog\link.command.1.tlog
c:\users\oc\desktop\翼のgit\job_hunting\吉田学園情報ビジネス情報専門学校_村元翼\bombercleaner\プロジェクト一式\debug\bombercleaner.tlog\link.read.1.tlog
c:\users\oc\desktop\翼のgit\job_hunting\吉田学園情報ビジネス情報専門学校_村元翼\bombercleaner\プロジェクト一式\debug\bombercleaner.tlog\link.write.1.tlog
