  bg.cpp
  billboard.cpp
  Bomb.cpp
  BombSpawner.cpp
  camera.cpp
  control.cpp
  control_blink.cpp
  control_spread.cpp
  control_fade.cpp
  control_rise.cpp
  control_throw.cpp
  control_zoom.cpp
  DirectInput.cpp
  effect.cpp
  fade.cpp
  field.cpp
  game.cpp
  effect_blast.cpp
  mouse.cpp
  pause.cpp
  コンパイル中...
  shadow.cpp
  sound.cpp
  StringManager.cpp
  Target.cpp
  input.cpp
  keyboard.cpp
  light.cpp
  LoadX.cpp
  main.cpp
  manager.cpp
  meshcylinder.cpp
  meshfield.cpp
  meshsphere.cpp
  model.cpp
  model_spawner.cpp
  number.cpp
  playdata.cpp
  player.cpp
  ranking.cpp
  renderer.cpp
  コンパイル中...
  result.cpp
  scene.cpp
  scene2D.cpp
  Scene3D.cpp
  score.cpp
  stage.cpp
  texture.cpp
  TextureFont.cpp
  timercount.cpp
  title.cpp
  Ui.cpp
  XInput.cpp
XInput.cpp(58): warning C4800: 'int': ブール値を 'true' または 'false' に強制的に設定します (警告の処理)
  コード生成しています。
  All 1320 functions were compiled because no usable IPDB/IOBJ from previous compilation was found.
  コード生成が終了しました。
  BomberCleaner.vcxproj -> C:\Users\OC\Desktop\翼のgit\Job_Hunting\吉田学園情報ビジネス情報専門学校_村元翼\BomberCleaner\プロジェクト一式\Release\BomberCleaner.exe
  BomberCleaner.vcxproj -> C:\Users\OC\Desktop\翼のgit\Job_Hunting\吉田学園情報ビジネス情報専門学校_村元翼\BomberCleaner\プロジェクト一式\Release\BomberCleaner.pdb (Full PDB)
