c:\users\oc\desktop\翼のgit\job_hunting\吉田学園情報ビジネス情報専門学校_村元翼\bombercleaner\プロジェクト一式\release\vc140.pdb
c:\users\oc\desktop\翼のgit\job_hunting\吉田学園情報ビジネス情報専門学校_村元翼\bombercleaner\プロジェクト一式\release\pause.obj
c:\users\oc\desktop\翼のgit\job_hunting\吉田学園情報ビジネス情報専門学校_村元翼\bombercleaner\プロジェクト一式\release\mouse.obj
c:\users\oc\desktop\翼のgit\job_hunting\吉田学園情報ビジネス情報専門学校_村元翼\bombercleaner\プロジェクト一式\release\effect_blast.obj
c:\users\oc\desktop\翼のgit\job_hunting\吉田学園情報ビジネス情報専門学校_村元翼\bombercleaner\プロジェクト一式\release\game.obj
c:\users\oc\desktop\翼のgit\job_hunting\吉田学園情報ビジネス情報専門学校_村元翼\bombercleaner\プロジェクト一式\release\field.obj
c:\users\oc\desktop\翼のgit\job_hunting\吉田学園情報ビジネス情報専門学校_村元翼\bombercleaner\プロジェクト一式\release\fade.obj
c:\users\oc\desktop\翼のgit\job_hunting\吉田学園情報ビジネス情報専門学校_村元翼\bombercleaner\プロジェクト一式\release\effect.obj
c:\users\oc\desktop\翼のgit\job_hunting\吉田学園情報ビジネス情報専門学校_村元翼\bombercleaner\プロジェクト一式\release\directinput.obj
c:\users\oc\desktop\翼のgit\job_hunting\吉田学園情報ビジネス情報専門学校_村元翼\bombercleaner\プロジェクト一式\release\control_zoom.obj
c:\users\oc\desktop\翼のgit\job_hunting\吉田学園情報ビジネス情報専門学校_村元翼\bombercleaner\プロジェクト一式\release\control_throw.obj
c:\users\oc\desktop\翼のgit\job_hunting\吉田学園情報ビジネス情報専門学校_村元翼\bombercleaner\プロジェクト一式\release\control_rise.obj
c:\users\oc\desktop\翼のgit\job_hunting\吉田学園情報ビジネス情報専門学校_村元翼\bombercleaner\プロジェクト一式\release\control_fade.obj
c:\users\oc\desktop\翼のgit\job_hunting\吉田学園情報ビジネス情報専門学校_村元翼\bombercleaner\プロジェクト一式\release\control_spread.obj
c:\users\oc\desktop\翼のgit\job_hunting\吉田学園情報ビジネス情報専門学校_村元翼\bombercleaner\プロジェクト一式\release\control_blink.obj
c:\users\oc\desktop\翼のgit\job_hunting\吉田学園情報ビジネス情報専門学校_村元翼\bombercleaner\プロジェクト一式\release\control.obj
c:\users\oc\desktop\翼のgit\job_hunting\吉田学園情報ビジネス情報専門学校_村元翼\bombercleaner\プロジェクト一式\release\camera.obj
c:\users\oc\desktop\翼のgit\job_hunting\吉田学園情報ビジネス情報専門学校_村元翼\bombercleaner\プロジェクト一式\release\bombspawner.obj
c:\users\oc\desktop\翼のgit\job_hunting\吉田学園情報ビジネス情報専門学校_村元翼\bombercleaner\プロジェクト一式\release\bomb.obj
c:\users\oc\desktop\翼のgit\job_hunting\吉田学園情報ビジネス情報専門学校_村元翼\bombercleaner\プロジェクト一式\release\billboard.obj
c:\users\oc\desktop\翼のgit\job_hunting\吉田学園情報ビジネス情報専門学校_村元翼\bombercleaner\プロジェクト一式\release\bg.obj
c:\users\oc\desktop\翼のgit\job_hunting\吉田学園情報ビジネス情報専門学校_村元翼\bombercleaner\プロジェクト一式\release\renderer.obj
c:\users\oc\desktop\翼のgit\job_hunting\吉田学園情報ビジネス情報専門学校_村元翼\bombercleaner\プロジェクト一式\release\ranking.obj
c:\users\oc\desktop\翼のgit\job_hunting\吉田学園情報ビジネス情報専門学校_村元翼\bombercleaner\プロジェクト一式\release\player.obj
c:\users\oc\desktop\翼のgit\job_hunting\吉田学園情報ビジネス情報専門学校_村元翼\bombercleaner\プロジェクト一式\release\playdata.obj
c:\users\oc\desktop\翼のgit\job_hunting\吉田学園情報ビジネス情報専門学校_村元翼\bombercleaner\プロジェクト一式\release\number.obj
c:\users\oc\desktop\翼のgit\job_hunting\吉田学園情報ビジネス情報専門学校_村元翼\bombercleaner\プロジェクト一式\release\model_spawner.obj
c:\users\oc\desktop\翼のgit\job_hunting\吉田学園情報ビジネス情報専門学校_村元翼\bombercleaner\プロジェクト一式\release\model.obj
c:\users\oc\desktop\翼のgit\job_hunting\吉田学園情報ビジネス情報専門学校_村元翼\bombercleaner\プロジェクト一式\release\meshsphere.obj
c:\users\oc\desktop\翼のgit\job_hunting\吉田学園情報ビジネス情報専門学校_村元翼\bombercleaner\プロジェクト一式\release\meshfield.obj
c:\users\oc\desktop\翼のgit\job_hunting\吉田学園情報ビジネス情報専門学校_村元翼\bombercleaner\プロジェクト一式\release\meshcylinder.obj
c:\users\oc\desktop\翼のgit\job_hunting\吉田学園情報ビジネス情報専門学校_村元翼\bombercleaner\プロジェクト一式\release\manager.obj
c:\users\oc\desktop\翼のgit\job_hunting\吉田学園情報ビジネス情報専門学校_村元翼\bombercleaner\プロジェクト一式\release\main.obj
c:\users\oc\desktop\翼のgit\job_hunting\吉田学園情報ビジネス情報専門学校_村元翼\bombercleaner\プロジェクト一式\release\loadx.obj
c:\users\oc\desktop\翼のgit\job_hunting\吉田学園情報ビジネス情報専門学校_村元翼\bombercleaner\プロジェクト一式\release\light.obj
c:\users\oc\desktop\翼のgit\job_hunting\吉田学園情報ビジネス情報専門学校_村元翼\bombercleaner\プロジェクト一式\release\keyboard.obj
c:\users\oc\desktop\翼のgit\job_hunting\吉田学園情報ビジネス情報専門学校_村元翼\bombercleaner\プロジェクト一式\release\input.obj
c:\users\oc\desktop\翼のgit\job_hunting\吉田学園情報ビジネス情報専門学校_村元翼\bombercleaner\プロジェクト一式\release\target.obj
c:\users\oc\desktop\翼のgit\job_hunting\吉田学園情報ビジネス情報専門学校_村元翼\bombercleaner\プロジェクト一式\release\stringmanager.obj
c:\users\oc\desktop\翼のgit\job_hunting\吉田学園情報ビジネス情報専門学校_村元翼\bombercleaner\プロジェクト一式\release\sound.obj
c:\users\oc\desktop\翼のgit\job_hunting\吉田学園情報ビジネス情報専門学校_村元翼\bombercleaner\プロジェクト一式\release\shadow.obj
c:\users\oc\desktop\翼のgit\job_hunting\吉田学園情報ビジネス情報専門学校_村元翼\bombercleaner\プロジェクト一式\release\xinput.obj
c:\users\oc\desktop\翼のgit\job_hunting\吉田学園情報ビジネス情報専門学校_村元翼\bombercleaner\プロジェクト一式\release\ui.obj
c:\users\oc\desktop\翼のgit\job_hunting\吉田学園情報ビジネス情報専門学校_村元翼\bombercleaner\プロジェクト一式\release\title.obj
c:\users\oc\desktop\翼のgit\job_hunting\吉田学園情報ビジネス情報専門学校_村元翼\bombercleaner\プロジェクト一式\release\timercount.obj
c:\users\oc\desktop\翼のgit\job_hunting\吉田学園情報ビジネス情報専門学校_村元翼\bombercleaner\プロジェクト一式\release\texturefont.obj
c:\users\oc\desktop\翼のgit\job_hunting\吉田学園情報ビジネス情報専門学校_村元翼\bombercleaner\プロジェクト一式\release\texture.obj
c:\users\oc\desktop\翼のgit\job_hunting\吉田学園情報ビジネス情報専門学校_村元翼\bombercleaner\プロジェクト一式\release\stage.obj
c:\users\oc\desktop\翼のgit\job_hunting\吉田学園情報ビジネス情報専門学校_村元翼\bombercleaner\プロジェクト一式\release\score.obj
c:\users\oc\desktop\翼のgit\job_hunting\吉田学園情報ビジネス情報専門学校_村元翼\bombercleaner\プロジェクト一式\release\scene3d.obj
c:\users\oc\desktop\翼のgit\job_hunting\吉田学園情報ビジネス情報専門学校_村元翼\bombercleaner\プロジェクト一式\release\scene2d.obj
c:\users\oc\desktop\翼のgit\job_hunting\吉田学園情報ビジネス情報専門学校_村元翼\bombercleaner\プロジェクト一式\release\scene.obj
c:\users\oc\desktop\翼のgit\job_hunting\吉田学園情報ビジネス情報専門学校_村元翼\bombercleaner\プロジェクト一式\release\result.obj
c:\users\oc\desktop\翼のgit\job_hunting\吉田学園情報ビジネス情報専門学校_村元翼\bombercleaner\プロジェクト一式\release\bombercleaner.exe
c:\users\oc\desktop\翼のgit\job_hunting\吉田学園情報ビジネス情報専門学校_村元翼\bombercleaner\プロジェクト一式\release\bombercleaner.ipdb
c:\users\oc\desktop\翼のgit\job_hunting\吉田学園情報ビジネス情報専門学校_村元翼\bombercleaner\プロジェクト一式\release\bombercleaner.iobj
c:\users\oc\desktop\翼のgit\job_hunting\吉田学園情報ビジネス情報専門学校_村元翼\bombercleaner\プロジェクト一式\release\bombercleaner.pdb
c:\users\oc\desktop\翼のgit\job_hunting\吉田学園情報ビジネス情報専門学校_村元翼\bombercleaner\プロジェクト一式\release\bombercleaner.tlog\cl.command.1.tlog
c:\users\oc\desktop\翼のgit\job_hunting\吉田学園情報ビジネス情報専門学校_村元翼\bombercleaner\プロジェクト一式\release\bombercleaner.tlog\cl.read.1.tlog
c:\users\oc\desktop\翼のgit\job_hunting\吉田学園情報ビジネス情報専門学校_村元翼\bombercleaner\プロジェクト一式\release\bombercleaner.tlog\cl.write.1.tlog
c:\users\oc\desktop\翼のgit\job_hunting\吉田学園情報ビジネス情報専門学校_村元翼\bombercleaner\プロジェクト一式\release\bombercleaner.tlog\link.command.1.tlog
c:\users\oc\desktop\翼のgit\job_hunting\吉田学園情報ビジネス情報専門学校_村元翼\bombercleaner\プロジェクト一式\release\bombercleaner.tlog\link.read.1.tlog
c:\users\oc\desktop\翼のgit\job_hunting\吉田学園情報ビジネス情報専門学校_村元翼\bombercleaner\プロジェクト一式\release\bombercleaner.tlog\link.write.1.tlog
